<?xml version="1.0" encoding="UTF-8"?>
<!-- Generated by org.testng.reporters.JUnitReportReporter -->
<testsuite hostname="HbpSoft" failures="0" tests="7" name="com.test.HD_Sanity.Testing" time="182.237" errors="0" timestamp="2024-03-18T17:43:05 IST" skipped="0">
  <testcase classname="com.test.HD_Sanity.Testing" name="login" time="10.040"/>
  <system-out/>
  <testcase classname="com.test.HD_Sanity.Testing" name="series_set" time="18.833"/>
  <system-out/>
  <testcase classname="com.test.HD_Sanity.Testing" name="gridandzoom" time="60.714"/>
  <system-out/>
  <testcase classname="com.test.HD_Sanity.Testing" name="measure" time="8.104"/>
  <system-out/>
  <testcase classname="com.test.HD_Sanity.Testing" name="download" time="24.714"/>
  <system-out/>
  <testcase classname="com.test.HD_Sanity.Testing" name="RGB" time="43.040"/>
  <system-out/>
  <testcase classname="com.test.HD_Sanity.Testing" name="opacitywindow" time="16.792"/>
  <system-out/>
</testsuite> <!-- com.test.HD_Sanity.Testing -->
