<?xml version="1.0" encoding="UTF-8"?>
<!-- Generated by org.testng.reporters.JUnitReportReporter -->
<testsuite hostname="vivobook-asuslaptop-x512flc-x512fl" failures="0" tests="7" name="com.test.HD_Sanity.Testing" time="194.929" errors="0" timestamp="2024-02-21T12:53:24 IST" skipped="0">
  <testcase classname="com.test.HD_Sanity.Testing" name="login" time="10.961"/>
  <system-out/>
  <testcase classname="com.test.HD_Sanity.Testing" name="series_set" time="20.533"/>
  <system-out/>
  <testcase classname="com.test.HD_Sanity.Testing" name="gridandzoom" time="67.058"/>
  <system-out/>
  <testcase classname="com.test.HD_Sanity.Testing" name="measure" time="8.933"/>
  <system-out/>
  <testcase classname="com.test.HD_Sanity.Testing" name="download" time="25.368"/>
  <system-out/>
  <testcase classname="com.test.HD_Sanity.Testing" name="RGB" time="44.873"/>
  <system-out/>
  <testcase classname="com.test.HD_Sanity.Testing" name="opacitywindow" time="17.203"/>
  <system-out/>
</testsuite> <!-- com.test.HD_Sanity.Testing -->
