<?xml version="1.0" encoding="UTF-8"?>
<!-- Generated by org.testng.reporters.JUnitReportReporter -->
<testsuite hostname="HbpSoft" failures="0" tests="6" name="com.test.HD_Sanity.HD_Activity" time="60.559" errors="0" timestamp="2024-03-20T13:00:08 IST" skipped="0">
  <testcase classname="com.test.HD_Sanity.HD_Activity" name="login" time="12.977"/>
  <system-out/>
  <testcase classname="com.test.HD_Sanity.HD_Activity" name="brain_search" time="17.240"/>
  <system-out/>
  <testcase classname="com.test.HD_Sanity.HD_Activity" name="activity_Search" time="18.046"/>
  <system-out/>
  <testcase classname="com.test.HD_Sanity.HD_Activity" name="userName" time="4.108"/>
  <system-out/>
  <testcase classname="com.test.HD_Sanity.HD_Activity" name="Action" time="4.105"/>
  <system-out/>
  <testcase classname="com.test.HD_Sanity.HD_Activity" name="Info" time="4.083"/>
  <system-out/>
</testsuite> <!-- com.test.HD_Sanity.HD_Activity -->
