<?xml version="1.0" encoding="UTF-8"?>
<!-- Generated by org.testng.reporters.JUnitReportReporter -->
<testsuite hostname="vivobook-asuslaptop-x512flc-x512fl" failures="0" tests="7" name="com.test.HD_Sanity.Testing" time="208.912" errors="0" timestamp="2024-01-06T12:07:15 IST" skipped="0">
  <testcase classname="com.test.HD_Sanity.Testing" name="login" time="42.707"/>
  <system-out/>
  <testcase classname="com.test.HD_Sanity.Testing" name="series_set" time="18.950"/>
  <system-out/>
  <testcase classname="com.test.HD_Sanity.Testing" name="gridandzoom" time="56.628"/>
  <system-out/>
  <testcase classname="com.test.HD_Sanity.Testing" name="measure" time="8.546"/>
  <system-out/>
  <testcase classname="com.test.HD_Sanity.Testing" name="download" time="22.463"/>
  <system-out/>
  <testcase classname="com.test.HD_Sanity.Testing" name="RGB" time="42.639"/>
  <system-out/>
  <testcase classname="com.test.HD_Sanity.Testing" name="opacitywindow" time="16.979"/>
  <system-out/>
</testsuite> <!-- com.test.HD_Sanity.Testing -->
