<?xml version="1.0" encoding="UTF-8"?>
<!-- Generated by org.testng.reporters.JUnitReportReporter -->
<testsuite hostname="HbpSoft" failures="0" tests="1" name="com.test.HD_Sanity.Today_activity" time="1.496" errors="0" timestamp="2024-03-13T17:51:18 IST" skipped="0">
  <testcase classname="com.test.HD_Sanity.Today_activity" name="testDB" time="1.496"/>
  <system-out/>
</testsuite> <!-- com.test.HD_Sanity.Today_activity -->
